Determining if the pthread_create exist failed with the following output:
Change Dir: /home/jsmit244/projects/SFND_Unscented_Kalman_Filter_Highway/build/CMakeFiles/CMakeTmp

Run Build Command:"/usr/bin/make" "cmTC_bf6bc/fast"
/usr/bin/make -f CMakeFiles/cmTC_bf6bc.dir/build.make CMakeFiles/cmTC_bf6bc.dir/build
make[1]: Entering directory '/home/jsmit244/projects/SFND_Unscented_Kalman_Filter_Highway/build/CMakeFiles/CMakeTmp'
Building C object CMakeFiles/cmTC_bf6bc.dir/CheckSymbolExists.c.o
/usr/bin/cc    -o CMakeFiles/cmTC_bf6bc.dir/CheckSymbolExists.c.o   -c /home/jsmit244/projects/SFND_Unscented_Kalman_Filter_Highway/build/CMakeFiles/CMakeTmp/CheckSymbolExists.c
Linking C executable cmTC_bf6bc
/usr/bin/cmake -E cmake_link_script CMakeFiles/cmTC_bf6bc.dir/link.txt --verbose=1
/usr/bin/cc      -rdynamic CMakeFiles/cmTC_bf6bc.dir/CheckSymbolExists.c.o  -o cmTC_bf6bc 
CMakeFiles/cmTC_bf6bc.dir/CheckSymbolExists.c.o: In function `main':
CheckSymbolExists.c:(.text+0x1b): undefined reference to `pthread_create'
collect2: error: ld returned 1 exit status
CMakeFiles/cmTC_bf6bc.dir/build.make:97: recipe for target 'cmTC_bf6bc' failed
make[1]: *** [cmTC_bf6bc] Error 1
make[1]: Leaving directory '/home/jsmit244/projects/SFND_Unscented_Kalman_Filter_Highway/build/CMakeFiles/CMakeTmp'
Makefile:126: recipe for target 'cmTC_bf6bc/fast' failed
make: *** [cmTC_bf6bc/fast] Error 2

File /home/jsmit244/projects/SFND_Unscented_Kalman_Filter_Highway/build/CMakeFiles/CMakeTmp/CheckSymbolExists.c:
/* */
#include <pthread.h>

int main(int argc, char** argv)
{
  (void)argv;
#ifndef pthread_create
  return ((int*)(&pthread_create))[argc];
#else
  (void)argc;
  return 0;
#endif
}

Determining if the function pthread_create exists in the pthreads failed with the following output:
Change Dir: /home/jsmit244/projects/SFND_Unscented_Kalman_Filter_Highway/build/CMakeFiles/CMakeTmp

Run Build Command:"/usr/bin/make" "cmTC_5352f/fast"
/usr/bin/make -f CMakeFiles/cmTC_5352f.dir/build.make CMakeFiles/cmTC_5352f.dir/build
make[1]: Entering directory '/home/jsmit244/projects/SFND_Unscented_Kalman_Filter_Highway/build/CMakeFiles/CMakeTmp'
Building C object CMakeFiles/cmTC_5352f.dir/CheckFunctionExists.c.o
/usr/bin/cc   -DCHECK_FUNCTION_EXISTS=pthread_create   -o CMakeFiles/cmTC_5352f.dir/CheckFunctionExists.c.o   -c /usr/share/cmake-3.10/Modules/CheckFunctionExists.c
Linking C executable cmTC_5352f
/usr/bin/cmake -E cmake_link_script CMakeFiles/cmTC_5352f.dir/link.txt --verbose=1
/usr/bin/cc  -DCHECK_FUNCTION_EXISTS=pthread_create    -rdynamic CMakeFiles/cmTC_5352f.dir/CheckFunctionExists.c.o  -o cmTC_5352f -lpthreads 
/usr/bin/ld: cannot find -lpthreads
collect2: error: ld returned 1 exit status
CMakeFiles/cmTC_5352f.dir/build.make:97: recipe for target 'cmTC_5352f' failed
make[1]: *** [cmTC_5352f] Error 1
make[1]: Leaving directory '/home/jsmit244/projects/SFND_Unscented_Kalman_Filter_Highway/build/CMakeFiles/CMakeTmp'
Makefile:126: recipe for target 'cmTC_5352f/fast' failed
make: *** [cmTC_5352f/fast] Error 2


